2019-09-18 16:05:47.244  INFO 9428 --- [main] com.example.Application                  : Starting Application on DESKTOP-8I6R5GV with PID 9428 (D:\Java\idea-workspace\mass-control\target\classes started by Administrator in D:\Java\idea-workspace\mass-control)
2019-09-18 16:05:47.257  INFO 9428 --- [main] com.example.Application                  : The following profiles are active: dev
2019-09-18 16:05:47.903  INFO 9428 --- [main] ConfigServletWebServerApplicationContext : Refreshing org.springframework.boot.web.servlet.context.AnnotationConfigServletWebServerApplicationContext@4562e04d: startup date [Wed Sep 18 16:05:47 CST 2019]; root of context hierarchy
2019-09-18 16:05:52.071  INFO 9428 --- [main] o.s.b.w.embedded.tomcat.TomcatWebServer  : Tomcat initialized with port(s): 80 (http)
2019-09-18 16:05:52.147  INFO 9428 --- [main] o.apache.catalina.core.StandardService   : Starting service [Tomcat]
2019-09-18 16:05:52.147  INFO 9428 --- [main] org.apache.catalina.core.StandardEngine  : Starting Servlet Engine: Apache Tomcat/8.5.34
2019-09-18 16:05:52.166  INFO 9428 --- [localhost-startStop-1] o.a.catalina.core.AprLifecycleListener   : The APR based Apache Tomcat Native library which allows optimal performance in production environments was not found on the java.library.path: [C:\Program Files\Java\jdk1.8.0_131\bin;C:\Windows\Sun\Java\bin;C:\Windows\system32;C:\Windows;C:\ProgramData\Oracle\Java\javapath;C:\Windows\system32;C:\Windows;C:\Windows\System32\Wbem;C:\Windows\System32\WindowsPowerShell\v1.0\;C:\Windows\System32\OpenSSH\;C:\Program Files\Java\jdk1.8.0_131\bin;C:\Program Files\Java\jdk1.8.0_131\jre\bin;C:\Program Files\MySQL\MySQL Server 5.5\bin;E:\Program Files\Git\cmd;D:\tts9\apache-maven-3.3.9\bin\;C:\Program Files\Apache Software Foundation\Tomcat 8.0\bin;C:\Program Files\Apache Software Foundation\Tomcat 8.0\lib;C:\Program Files\nodejs\;C:\Users\Administrator\AppData\Local\Microsoft\WindowsApps;;E:\Microsoft VS Code\bin;C:\Users\Administrator\AppData\Roaming\npm;.]
2019-09-18 16:05:52.327  INFO 9428 --- [localhost-startStop-1] o.a.c.c.C.[Tomcat].[localhost].[/api]    : Initializing Spring embedded WebApplicationContext
2019-09-18 16:05:52.328  INFO 9428 --- [localhost-startStop-1] o.s.web.context.ContextLoader            : Root WebApplicationContext: initialization completed in 4425 ms
2019-09-18 16:05:52.431  INFO 9428 --- [localhost-startStop-1] o.s.b.w.servlet.ServletRegistrationBean  : Servlet dispatcherServlet mapped to [/]
2019-09-18 16:05:52.447  INFO 9428 --- [localhost-startStop-1] o.s.b.w.servlet.FilterRegistrationBean   : Mapping filter: 'characterEncodingFilter' to: [/*]
2019-09-18 16:05:52.448  INFO 9428 --- [localhost-startStop-1] o.s.b.w.servlet.FilterRegistrationBean   : Mapping filter: 'hiddenHttpMethodFilter' to: [/*]
2019-09-18 16:05:52.448  INFO 9428 --- [localhost-startStop-1] o.s.b.w.servlet.FilterRegistrationBean   : Mapping filter: 'httpPutFormContentFilter' to: [/*]
2019-09-18 16:05:52.449  INFO 9428 --- [localhost-startStop-1] o.s.b.w.servlet.FilterRegistrationBean   : Mapping filter: 'requestContextFilter' to: [/*]
2019-09-18 16:05:53.925  INFO 9428 --- [main] o.s.w.s.handler.SimpleUrlHandlerMapping  : Mapped URL path [/**/favicon.ico] onto handler of type [class org.springframework.web.servlet.resource.ResourceHttpRequestHandler]
2019-09-18 16:05:54.389  INFO 9428 --- [main] s.w.s.m.m.a.RequestMappingHandlerAdapter : Looking for @ControllerAdvice: org.springframework.boot.web.servlet.context.AnnotationConfigServletWebServerApplicationContext@4562e04d: startup date [Wed Sep 18 16:05:47 CST 2019]; root of context hierarchy
2019-09-18 16:05:54.470  INFO 9428 --- [main] s.w.s.m.m.a.RequestMappingHandlerMapping : Mapped "{[/common/uploadFileTemporary]}" onto public com.example.entity.common.VisitConsequenceParent com.example.controller.CommonController.uploadFileUser(org.springframework.web.multipart.MultipartFile) throws java.io.IOException
2019-09-18 16:05:54.472  INFO 9428 --- [main] s.w.s.m.m.a.RequestMappingHandlerMapping : Mapped "{[/common/findFileInfoAll],methods=[POST]}" onto public com.example.entity.common.VisitConsequenceParent com.example.controller.CommonController.findFileInfoAll(java.util.Map) throws java.io.IOException
2019-09-18 16:05:54.473  INFO 9428 --- [main] s.w.s.m.m.a.RequestMappingHandlerMapping : Mapped "{[/common/uploadFileProject]}" onto public com.example.entity.common.VisitConsequenceParent com.example.controller.CommonController.uploadFileProject(org.springframework.web.multipart.MultipartFile) throws java.io.IOException
2019-09-18 16:05:54.474  INFO 9428 --- [main] s.w.s.m.m.a.RequestMappingHandlerMapping : Mapped "{[/ProjectAuditController/auditProject]}" onto public com.example.entity.common.VisitConsequenceParent com.example.controller.ProjectAuditController.auditProject(javax.servlet.http.HttpSession,java.util.Map)
2019-09-18 16:05:54.475  INFO 9428 --- [main] s.w.s.m.m.a.RequestMappingHandlerMapping : Mapped "{[/ProjectAuditController/findProjectAuditListByUser_page],methods=[POST]}" onto public com.example.entity.common.VisitConsequenceParent com.example.controller.ProjectAuditController.findProjectAuditListByUser_page(javax.servlet.http.HttpSession,com.example.entity.requstparam.PageOderRequestMap)
2019-09-18 16:05:54.480  INFO 9428 --- [main] s.w.s.m.m.a.RequestMappingHandlerMapping : Mapped "{[/ProjectauditEInvite/addPEInvite],methods=[POST]}" onto public com.example.entity.common.VisitConsequenceParent com.example.controller.ProjectauditEInviteController.addPEInvite(javax.servlet.http.HttpSession,com.example.entity.requstparam.InsertPEinviteBatch)
2019-09-18 16:05:54.480  INFO 9428 --- [main] s.w.s.m.m.a.RequestMappingHandlerMapping : Mapped "{[/ProjectauditEInvite/findPEInviteListPage],methods=[POST]}" onto public com.example.entity.common.VisitConsequenceParent com.example.controller.ProjectauditEInviteController.findPEInviteListPage(javax.servlet.http.HttpSession,com.example.entity.requstparam.PageOderRequest)
2019-09-18 16:05:54.481  INFO 9428 --- [main] s.w.s.m.m.a.RequestMappingHandlerMapping : Mapped "{[/ProjectauditEInvite/operationUserPEInvite],methods=[POST]}" onto public com.example.entity.common.VisitConsequenceParent com.example.controller.ProjectauditEInviteController.operationUserPEInvite(javax.servlet.http.HttpSession,java.util.Map)
2019-09-18 16:05:54.481  INFO 9428 --- [main] s.w.s.m.m.a.RequestMappingHandlerMapping : Mapped "{[/ProjectauditEInvite/addPEInviteLeader],methods=[POST]}" onto public com.example.entity.common.VisitConsequenceParent com.example.controller.ProjectauditEInviteController.addPEInviteLeader(com.example.entity.ProjectauditExpertInvite,javax.servlet.http.HttpSession)
2019-09-18 16:05:54.481  INFO 9428 --- [main] s.w.s.m.m.a.RequestMappingHandlerMapping : Mapped "{[/ProjectauditEInvite/findPEInviteListPageENot],methods=[POST]}" onto public com.example.entity.common.VisitConsequenceParent com.example.controller.ProjectauditEInviteController.findPEInviteListPageENot(javax.servlet.http.HttpSession,com.example.entity.requstparam.PageOderRequest)
2019-09-18 16:05:54.486  INFO 9428 --- [main] s.w.s.m.m.a.RequestMappingHandlerMapping : Mapped "{[/ProjectauditOInvite/findUserProjectauditOIListPage],methods=[POST]}" onto public com.example.entity.common.VisitConsequenceParent com.example.controller.ProjectauditOInviteController.findUserProjectauditOIListPage(javax.servlet.http.HttpSession,com.example.entity.requstparam.PageRequest)
2019-09-18 16:05:54.487  INFO 9428 --- [main] s.w.s.m.m.a.RequestMappingHandlerMapping : Mapped "{[/ProjectauditOInvite/addProjectauditInvite],methods=[POST]}" onto public com.example.entity.common.VisitConsequenceParent com.example.controller.ProjectauditOInviteController.addProjectauditInvite(com.example.entity.ProjectauditOrganizationInvite,javax.servlet.http.HttpSession)
2019-09-18 16:05:54.490  INFO 9428 --- [main] s.w.s.m.m.a.RequestMappingHandlerMapping : Mapped "{[/ProjectauditOInvite/operationUserProjectauditOInvite],methods=[POST]}" onto public com.example.entity.common.VisitConsequenceParent com.example.controller.ProjectauditOInviteController.operationUserProjectauditOInvite(javax.servlet.http.HttpSession,java.util.Map)
2019-09-18 16:05:54.490  INFO 9428 --- [main] s.w.s.m.m.a.RequestMappingHandlerMapping : Mapped "{[/ProjectauditOInvite/findUserProjectauditOIListPageENot],methods=[POST]}" onto public com.example.entity.common.VisitConsequenceParent com.example.controller.ProjectauditOInviteController.findUserProjectauditOIListPageENot(javax.servlet.http.HttpSession,com.example.entity.requstparam.PageRequest)
2019-09-18 16:05:54.497  INFO 9428 --- [main] s.w.s.m.m.a.RequestMappingHandlerMapping : Mapped "{[/ProjectController/addProjectInfo],methods=[POST]}" onto public com.example.entity.common.VisitConsequenceParent com.example.controller.ProjectController.addProjectInfo(com.example.entity.ProjectInfoEntityWithBLOBs,javax.servlet.http.HttpSession)
2019-09-18 16:05:54.498  INFO 9428 --- [main] s.w.s.m.m.a.RequestMappingHandlerMapping : Mapped "{[/ProjectController/extractionProjectExpert],methods=[POST]}" onto public com.example.entity.common.VisitConsequenceParent com.example.controller.ProjectController.extractionProjectExpert(com.example.entity.requstparam.ExtractionPERequest)
2019-09-18 16:05:54.498  INFO 9428 --- [main] s.w.s.m.m.a.RequestMappingHandlerMapping : Mapped "{[/ProjectController/findProjectInfoFullByPid],methods=[POST]}" onto public com.example.entity.common.VisitConsequenceParent com.example.controller.ProjectController.findProjectInfoFullByPid(java.util.Map)
2019-09-18 16:05:54.499  INFO 9428 --- [main] s.w.s.m.m.a.RequestMappingHandlerMapping : Mapped "{[/ProjectController/extractionProjectOrganization],methods=[POST]}" onto public com.example.entity.common.VisitConsequenceParent com.example.controller.ProjectController.extractionProjectOrganization(java.util.Map)
2019-09-18 16:05:54.500  INFO 9428 --- [main] s.w.s.m.m.a.RequestMappingHandlerMapping : Mapped "{[/ProjectController/O_findProjectInfoProgressLeader_page],methods=[POST]}" onto public com.example.entity.common.VisitConsequenceParent com.example.controller.ProjectController.findProjectInfoProgressLeader_page(javax.servlet.http.HttpSession,com.example.entity.requstparam.PageOderRequest)
2019-09-18 16:05:54.500  INFO 9428 --- [main] s.w.s.m.m.a.RequestMappingHandlerMapping : Mapped "{[/ProjectController/findProjectInfoChooseByProgressOE_Page],methods=[POST]}" onto public com.example.entity.common.VisitConsequenceParent com.example.controller.ProjectController.findProjectInfoChooseByProgressOE_Page(com.example.entity.requstparam.PageOderRequest)
2019-09-18 16:05:54.507  INFO 9428 --- [main] s.w.s.m.m.a.RequestMappingHandlerMapping : Mapped "{[/user/userLoginOut],methods=[GET]}" onto public com.example.entity.common.VisitConsequenceParent com.example.controller.UserController.userLoginOut(javax.servlet.http.HttpSession)
2019-09-18 16:05:54.508  INFO 9428 --- [main] s.w.s.m.m.a.RequestMappingHandlerMapping : Mapped "{[/user/login],methods=[POST]}" onto public com.example.entity.common.VisitConsequenceParent com.example.controller.UserController.login(javax.servlet.http.HttpServletRequest,java.util.Map)
2019-09-18 16:05:54.509  INFO 9428 --- [main] s.w.s.m.m.a.RequestMappingHandlerMapping : Mapped "{[/user/reg]}" onto public com.example.entity.common.VisitConsequenceParent com.example.controller.UserController.reg(com.example.entity.user.UserEntity)
2019-09-18 16:05:54.510  INFO 9428 --- [main] s.w.s.m.m.a.RequestMappingHandlerMapping : Mapped "{[/user/findOINameIdListCertified],methods=[GET]}" onto public com.example.entity.common.VisitConsequenceParent com.example.controller.UserController.findOINameIdListCertified()
2019-09-18 16:05:54.510  INFO 9428 --- [main] s.w.s.m.m.a.RequestMappingHandlerMapping : Mapped "{[/user/findUserInfoFullExpert],methods=[GET]}" onto public com.example.entity.common.VisitConsequenceParent com.example.controller.UserController.findUserInfoFullExpert(javax.servlet.http.HttpSession)
2019-09-18 16:05:54.510  INFO 9428 --- [main] s.w.s.m.m.a.RequestMappingHandlerMapping : Mapped "{[/user/addExpertInfoAudit],methods=[POST]}" onto public com.example.entity.common.VisitConsequenceParent com.example.controller.UserController.addExpertInfoAudit(com.example.entity.user.ExpertInfoEntity,javax.servlet.http.HttpSession)
2019-09-18 16:05:54.511  INFO 9428 --- [main] s.w.s.m.m.a.RequestMappingHandlerMapping : Mapped "{[/user/findUserInfoFullOrganization],methods=[GET]}" onto public com.example.entity.common.VisitConsequenceParent com.example.controller.UserController.findUserInfoFullOrganization(javax.servlet.http.HttpSession)
2019-09-18 16:05:54.511  INFO 9428 --- [main] s.w.s.m.m.a.RequestMappingHandlerMapping : Mapped "{[/user/addOrganizationInfoAudit],methods=[POST]}" onto public com.example.entity.common.VisitConsequenceParent com.example.controller.UserController.addOrganizationInfoAudit(com.example.entity.requstparam.AddOrganizationInfoAudit,javax.servlet.http.HttpSession)
2019-09-18 16:05:54.512  INFO 9428 --- [main] s.w.s.m.m.a.RequestMappingHandlerMapping : Mapped "{[/user/findExpertInfoListPage_2],methods=[POST]}" onto public com.example.entity.common.VisitConsequenceParent com.example.controller.UserController.findExpertInfoListPage(com.example.entity.requstparam.PageOderRequest)
2019-09-18 16:05:54.512  INFO 9428 --- [main] s.w.s.m.m.a.RequestMappingHandlerMapping : Mapped "{[/user/findExpertInfoList_2],methods=[GET]}" onto public com.example.entity.common.VisitConsequenceParent com.example.controller.UserController.findExpertInfoListPage()
2019-09-18 16:05:54.518  INFO 9428 --- [main] s.w.s.m.m.a.RequestMappingHandlerMapping : Mapped "{[/UserInfoAudit/findFirstAuditOrganizationNone]}" onto public com.example.entity.common.VisitConsequenceParent com.example.controller.UserInfoAuditController.findFirstAuditOrganizationNone()
2019-09-18 16:05:54.519  INFO 9428 --- [main] s.w.s.m.m.a.RequestMappingHandlerMapping : Mapped "{[/UserInfoAudit/findUserInfoAuditSubmitState]}" onto public com.example.entity.common.VisitConsequenceParent com.example.controller.UserInfoAuditController.findUserInfoAuditSubmitState(javax.servlet.http.HttpSession)
2019-09-18 16:05:54.521  INFO 9428 --- [main] s.w.s.m.m.a.RequestMappingHandlerMapping : Mapped "{[/UserInfoAudit/findUserInfoAuditSubmit]}" onto public com.example.entity.common.VisitConsequenceParent com.example.controller.UserInfoAuditController.findUserInfoAuditSubmit(javax.servlet.http.HttpSession)
2019-09-18 16:05:54.522  INFO 9428 --- [main] s.w.s.m.m.a.RequestMappingHandlerMapping : Mapped "{[/UserInfoAudit/findFirstAuditExpertInfoNone],methods=[GET]}" onto public com.example.entity.common.VisitConsequenceParent com.example.controller.UserInfoAuditController.findFirstAuditExpertInfoNone()
2019-09-18 16:05:54.524  INFO 9428 --- [main] s.w.s.m.m.a.RequestMappingHandlerMapping : Mapped "{[/UserInfoAudit/findUserInfoAuditSubmitFirst]}" onto public com.example.entity.common.VisitConsequenceParent com.example.controller.UserInfoAuditController.findUserInfoAuditSubmitFirst(javax.servlet.http.HttpSession)
2019-09-18 16:05:54.524  INFO 9428 --- [main] s.w.s.m.m.a.RequestMappingHandlerMapping : Mapped "{[/UserInfoAudit/operationUserInfoAuditFirst],methods=[POST]}" onto public com.example.entity.common.VisitConsequenceParent com.example.controller.UserInfoAuditController.operationUserInfoAuditFirst(java.util.Map)
2019-09-18 16:05:54.525  INFO 9428 --- [main] s.w.s.m.m.a.RequestMappingHandlerMapping : Mapped "{[/UserInfoAudit/findAuditExpertInfoNone],methods=[GET]}" onto public com.example.entity.common.VisitConsequenceParent com.example.controller.UserInfoAuditController.findAuditExpertInfoNone()
2019-09-18 16:05:54.525  INFO 9428 --- [main] s.w.s.m.m.a.RequestMappingHandlerMapping : Mapped "{[/UserInfoAudit/findAuditOrganizationNone]}" onto public com.example.entity.common.VisitConsequenceParent com.example.controller.UserInfoAuditController.findAuditOrganizationNone()
2019-09-18 16:05:54.526  INFO 9428 --- [main] s.w.s.m.m.a.RequestMappingHandlerMapping : Mapped "{[/UserInfoAudit/operationUserInfoAudit],methods=[POST]}" onto public com.example.entity.common.VisitConsequenceParent com.example.controller.UserInfoAuditController.operationUserInfoAudit(java.util.Map)
2019-09-18 16:05:54.529  INFO 9428 --- [main] s.w.s.m.m.a.RequestMappingHandlerMapping : Mapped "{[/UserInfoAudit/findUserInfoAuditRecentlyByUid],methods=[GET]}" onto public com.example.entity.common.VisitConsequenceParent com.example.controller.UserInfoAuditController.findUserInfoAuditRecentlyByUid(javax.servlet.http.HttpSession)
2019-09-18 16:05:54.530  INFO 9428 --- [main] s.w.s.m.m.a.RequestMappingHandlerMapping : Mapped "{[/UserInfoAudit/findAuditExpertInfoNonePage],methods=[POST]}" onto public com.example.entity.common.VisitConsequenceParent com.example.controller.UserInfoAuditController.findAuditExpertInfoNonePage(com.example.entity.requstparam.PageOderRequest)
2019-09-18 16:05:54.531  INFO 9428 --- [main] s.w.s.m.m.a.RequestMappingHandlerMapping : Mapped "{[/UserInfoAudit/findUserInfoAuditOrganizationFull]}" onto public com.example.entity.common.VisitConsequenceParent com.example.controller.UserInfoAuditController.findUserInfoAuditOrganizationFull(java.util.Map)
2019-09-18 16:05:54.531  INFO 9428 --- [main] s.w.s.m.m.a.RequestMappingHandlerMapping : Mapped "{[/UserInfoAudit/findUserInfoExpertInfoResultsFull]}" onto public com.example.entity.common.VisitConsequenceParent com.example.controller.UserInfoAuditController.findUserInfoExpertInfoResultsFull(java.util.Map)
2019-09-18 16:05:54.539  INFO 9428 --- [main] s.w.s.m.m.a.RequestMappingHandlerMapping : Mapped "{[/error]}" onto public org.springframework.http.ResponseEntity<java.util.Map<java.lang.String, java.lang.Object>> org.springframework.boot.autoconfigure.web.servlet.error.BasicErrorController.error(javax.servlet.http.HttpServletRequest)
2019-09-18 16:05:54.541  INFO 9428 --- [main] s.w.s.m.m.a.RequestMappingHandlerMapping : Mapped "{[/error],produces=[text/html]}" onto public org.springframework.web.servlet.ModelAndView org.springframework.boot.autoconfigure.web.servlet.error.BasicErrorController.errorHtml(javax.servlet.http.HttpServletRequest,javax.servlet.http.HttpServletResponse)
2019-09-18 16:05:54.622  INFO 9428 --- [main] o.s.w.s.handler.SimpleUrlHandlerMapping  : Mapped URL path [/webjars/**] onto handler of type [class org.springframework.web.servlet.resource.ResourceHttpRequestHandler]
2019-09-18 16:05:54.624  INFO 9428 --- [main] o.s.w.s.handler.SimpleUrlHandlerMapping  : Mapped URL path [/**] onto handler of type [class org.springframework.web.servlet.resource.ResourceHttpRequestHandler]
2019-09-18 16:05:54.625  INFO 9428 --- [main] o.s.w.s.handler.SimpleUrlHandlerMapping  : Mapped URL path [/static/**] onto handler of type [class org.springframework.web.servlet.resource.ResourceHttpRequestHandler]
2019-09-18 16:05:55.152  INFO 9428 --- [main] o.s.j.e.a.AnnotationMBeanExporter        : Registering beans for JMX exposure on startup
2019-09-18 16:05:55.154  INFO 9428 --- [main] o.s.j.e.a.AnnotationMBeanExporter        : Bean with name 'dataSource' has been autodetected for JMX exposure
2019-09-18 16:05:55.161  INFO 9428 --- [main] o.s.j.e.a.AnnotationMBeanExporter        : Located MBean 'dataSource': registering with JMX server as MBean [com.zaxxer.hikari:name=dataSource,type=HikariDataSource]
2019-09-18 16:05:55.247  INFO 9428 --- [main] o.s.b.w.embedded.tomcat.TomcatWebServer  : Tomcat started on port(s): 80 (http) with context path '/api'
2019-09-18 16:05:55.252  INFO 9428 --- [main] com.example.Application                  : Started Application in 9.547 seconds (JVM running for 14.274)
2019-09-18 16:06:33.613  INFO 9428 --- [http-nio-80-exec-1] o.a.c.c.C.[Tomcat].[localhost].[/api]    : Initializing Spring FrameworkServlet 'dispatcherServlet'
2019-09-18 16:06:33.613  INFO 9428 --- [http-nio-80-exec-1] o.s.web.servlet.DispatcherServlet        : FrameworkServlet 'dispatcherServlet': initialization started
2019-09-18 16:06:33.663  INFO 9428 --- [http-nio-80-exec-1] o.s.web.servlet.DispatcherServlet        : FrameworkServlet 'dispatcherServlet': initialization completed in 49 ms
2019-09-18 16:06:33.900  INFO 9428 --- [http-nio-80-exec-1] com.zaxxer.hikari.HikariDataSource       : HikariPool-1 - Starting...
2019-09-18 16:06:34.174  INFO 9428 --- [http-nio-80-exec-1] com.zaxxer.hikari.HikariDataSource       : HikariPool-1 - Start completed.
2019-09-18 16:36:01.474 ERROR 9428 --- [http-nio-80-exec-1] o.a.c.c.C.[.[.[.[dispatcherServlet]      : Servlet.service() for servlet [dispatcherServlet] in context with path [/api] threw exception [Request processing failed; nested exception is org.mybatis.spring.MyBatisSystemException: nested exception is org.apache.ibatis.binding.BindingException: Parameter 'project_audit_id' not found. Available parameters are [projectInfoState, projectAuditId, param1, param2]] with root cause

org.apache.ibatis.binding.BindingException: Parameter 'project_audit_id' not found. Available parameters are [projectInfoState, projectAuditId, param1, param2]
	at org.apache.ibatis.binding.MapperMethod$ParamMap.get(MapperMethod.java:204) ~[mybatis-3.4.6.jar:3.4.6]
	at org.apache.ibatis.reflection.wrapper.MapWrapper.get(MapWrapper.java:45) ~[mybatis-3.4.6.jar:3.4.6]
	at org.apache.ibatis.reflection.MetaObject.getValue(MetaObject.java:122) ~[mybatis-3.4.6.jar:3.4.6]
	at org.apache.ibatis.scripting.defaults.DefaultParameterHandler.setParameters(DefaultParameterHandler.java:79) ~[mybatis-3.4.6.jar:3.4.6]
	at org.apache.ibatis.executor.statement.PreparedStatementHandler.parameterize(PreparedStatementHandler.java:93) ~[mybatis-3.4.6.jar:3.4.6]
	at org.apache.ibatis.executor.statement.RoutingStatementHandler.parameterize(RoutingStatementHandler.java:64) ~[mybatis-3.4.6.jar:3.4.6]
	at org.apache.ibatis.executor.SimpleExecutor.prepareStatement(SimpleExecutor.java:86) ~[mybatis-3.4.6.jar:3.4.6]
	at org.apache.ibatis.executor.SimpleExecutor.doUpdate(SimpleExecutor.java:49) ~[mybatis-3.4.6.jar:3.4.6]
	at org.apache.ibatis.executor.BaseExecutor.update(BaseExecutor.java:117) ~[mybatis-3.4.6.jar:3.4.6]
	at org.apache.ibatis.executor.CachingExecutor.update(CachingExecutor.java:76) ~[mybatis-3.4.6.jar:3.4.6]
	at sun.reflect.NativeMethodAccessorImpl.invoke0(Native Method) ~[na:1.8.0_131]
	at sun.reflect.NativeMethodAccessorImpl.invoke(NativeMethodAccessorImpl.java:62) ~[na:1.8.0_131]
	at sun.reflect.DelegatingMethodAccessorImpl.invoke(DelegatingMethodAccessorImpl.java:43) ~[na:1.8.0_131]
	at java.lang.reflect.Method.invoke(Method.java:498) ~[na:1.8.0_131]
	at org.apache.ibatis.plugin.Plugin.invoke(Plugin.java:63) ~[mybatis-3.4.6.jar:3.4.6]
	at com.sun.proxy.$Proxy97.update(Unknown Source) ~[na:na]
	at org.apache.ibatis.session.defaults.DefaultSqlSession.update(DefaultSqlSession.java:198) ~[mybatis-3.4.6.jar:3.4.6]
	at sun.reflect.NativeMethodAccessorImpl.invoke0(Native Method) ~[na:1.8.0_131]
	at sun.reflect.NativeMethodAccessorImpl.invoke(NativeMethodAccessorImpl.java:62) ~[na:1.8.0_131]
	at sun.reflect.DelegatingMethodAccessorImpl.invoke(DelegatingMethodAccessorImpl.java:43) ~[na:1.8.0_131]
	at java.lang.reflect.Method.invoke(Method.java:498) ~[na:1.8.0_131]
	at org.mybatis.spring.SqlSessionTemplate$SqlSessionInterceptor.invoke(SqlSessionTemplate.java:433) ~[mybatis-spring-1.3.2.jar:1.3.2]
	at com.sun.proxy.$Proxy62.update(Unknown Source) ~[na:na]
	at org.mybatis.spring.SqlSessionTemplate.update(SqlSessionTemplate.java:294) ~[mybatis-spring-1.3.2.jar:1.3.2]
	at org.apache.ibatis.binding.MapperMethod.execute(MapperMethod.java:63) ~[mybatis-3.4.6.jar:3.4.6]
	at org.apache.ibatis.binding.MapperProxy.invoke(MapperProxy.java:59) ~[mybatis-3.4.6.jar:3.4.6]
	at com.sun.proxy.$Proxy71.updateProjectInfoState(Unknown Source) ~[na:na]
	at sun.reflect.NativeMethodAccessorImpl.invoke0(Native Method) ~[na:1.8.0_131]
	at sun.reflect.NativeMethodAccessorImpl.invoke(NativeMethodAccessorImpl.java:62) ~[na:1.8.0_131]
	at sun.reflect.DelegatingMethodAccessorImpl.invoke(DelegatingMethodAccessorImpl.java:43) ~[na:1.8.0_131]
	at java.lang.reflect.Method.invoke(Method.java:498) ~[na:1.8.0_131]
	at org.springframework.aop.support.AopUtils.invokeJoinpointUsingReflection(AopUtils.java:343) ~[spring-aop-5.0.9.RELEASE.jar:5.0.9.RELEASE]
	at org.springframework.aop.framework.ReflectiveMethodInvocation.invokeJoinpoint(ReflectiveMethodInvocation.java:197) ~[spring-aop-5.0.9.RELEASE.jar:5.0.9.RELEASE]
	at org.springframework.aop.framework.ReflectiveMethodInvocation.proceed(ReflectiveMethodInvocation.java:163) ~[spring-aop-5.0.9.RELEASE.jar:5.0.9.RELEASE]
	at org.springframework.dao.support.PersistenceExceptionTranslationInterceptor.invoke(PersistenceExceptionTranslationInterceptor.java:139) ~[spring-tx-5.0.9.RELEASE.jar:5.0.9.RELEASE]
	at org.springframework.aop.framework.ReflectiveMethodInvocation.proceed(ReflectiveMethodInvocation.java:185) ~[spring-aop-5.0.9.RELEASE.jar:5.0.9.RELEASE]
	at org.springframework.aop.framework.JdkDynamicAopProxy.invoke(JdkDynamicAopProxy.java:212) ~[spring-aop-5.0.9.RELEASE.jar:5.0.9.RELEASE]
	at com.sun.proxy.$Proxy72.updateProjectInfoState(Unknown Source) ~[na:na]
	at com.example.service.impl.ProjectAuditServiceImpl.auditProject(ProjectAuditServiceImpl.java:65) ~[classes/:na]
	at com.example.service.impl.ProjectAuditServiceImpl$$FastClassBySpringCGLIB$$9c44dccf.invoke(<generated>) ~[classes/:na]
	at org.springframework.cglib.proxy.MethodProxy.invoke(MethodProxy.java:204) ~[spring-core-5.0.9.RELEASE.jar:5.0.9.RELEASE]
	at org.springframework.aop.framework.CglibAopProxy$CglibMethodInvocation.invokeJoinpoint(CglibAopProxy.java:746) ~[spring-aop-5.0.9.RELEASE.jar:5.0.9.RELEASE]
	at org.springframework.aop.framework.ReflectiveMethodInvocation.proceed(ReflectiveMethodInvocation.java:163) ~[spring-aop-5.0.9.RELEASE.jar:5.0.9.RELEASE]
	at org.springframework.transaction.interceptor.TransactionAspectSupport.invokeWithinTransaction(TransactionAspectSupport.java:294) ~[spring-tx-5.0.9.RELEASE.jar:5.0.9.RELEASE]
	at org.springframework.transaction.interceptor.TransactionInterceptor.invoke(TransactionInterceptor.java:98) ~[spring-tx-5.0.9.RELEASE.jar:5.0.9.RELEASE]
	at org.springframework.aop.framework.ReflectiveMethodInvocation.proceed(ReflectiveMethodInvocation.java:185) ~[spring-aop-5.0.9.RELEASE.jar:5.0.9.RELEASE]
	at org.springframework.aop.framework.CglibAopProxy$DynamicAdvisedInterceptor.intercept(CglibAopProxy.java:688) ~[spring-aop-5.0.9.RELEASE.jar:5.0.9.RELEASE]
	at com.example.service.impl.ProjectAuditServiceImpl$$EnhancerBySpringCGLIB$$6b90a552.auditProject(<generated>) ~[classes/:na]
	at com.example.controller.ProjectAuditController.auditProject(ProjectAuditController.java:94) ~[classes/:na]
	at sun.reflect.NativeMethodAccessorImpl.invoke0(Native Method) ~[na:1.8.0_131]
	at sun.reflect.NativeMethodAccessorImpl.invoke(NativeMethodAccessorImpl.java:62) ~[na:1.8.0_131]
	at sun.reflect.DelegatingMethodAccessorImpl.invoke(DelegatingMethodAccessorImpl.java:43) ~[na:1.8.0_131]
	at java.lang.reflect.Method.invoke(Method.java:498) ~[na:1.8.0_131]
	at org.springframework.web.method.support.InvocableHandlerMethod.doInvoke(InvocableHandlerMethod.java:209) ~[spring-web-5.0.9.RELEASE.jar:5.0.9.RELEASE]
	at org.springframework.web.method.support.InvocableHandlerMethod.invokeForRequest(InvocableHandlerMethod.java:136) ~[spring-web-5.0.9.RELEASE.jar:5.0.9.RELEASE]
	at org.springframework.web.servlet.mvc.method.annotation.ServletInvocableHandlerMethod.invokeAndHandle(ServletInvocableHandlerMethod.java:102) ~[spring-webmvc-5.0.9.RELEASE.jar:5.0.9.RELEASE]
	at org.springframework.web.servlet.mvc.method.annotation.RequestMappingHandlerAdapter.invokeHandlerMethod(RequestMappingHandlerAdapter.java:891) ~[spring-webmvc-5.0.9.RELEASE.jar:5.0.9.RELEASE]
	at org.springframework.web.servlet.mvc.method.annotation.RequestMappingHandlerAdapter.handleInternal(RequestMappingHandlerAdapter.java:797) ~[spring-webmvc-5.0.9.RELEASE.jar:5.0.9.RELEASE]
	at org.springframework.web.servlet.mvc.method.AbstractHandlerMethodAdapter.handle(AbstractHandlerMethodAdapter.java:87) ~[spring-webmvc-5.0.9.RELEASE.jar:5.0.9.RELEASE]
	at org.springframework.web.servlet.DispatcherServlet.doDispatch(DispatcherServlet.java:991) ~[spring-webmvc-5.0.9.RELEASE.jar:5.0.9.RELEASE]
	at org.springframework.web.servlet.DispatcherServlet.doService(DispatcherServlet.java:925) ~[spring-webmvc-5.0.9.RELEASE.jar:5.0.9.RELEASE]
	at org.springframework.web.servlet.FrameworkServlet.processRequest(FrameworkServlet.java:974) ~[spring-webmvc-5.0.9.RELEASE.jar:5.0.9.RELEASE]
	at org.springframework.web.servlet.FrameworkServlet.doPost(FrameworkServlet.java:877) ~[spring-webmvc-5.0.9.RELEASE.jar:5.0.9.RELEASE]
	at javax.servlet.http.HttpServlet.service(HttpServlet.java:661) ~[tomcat-embed-core-8.5.34.jar:8.5.34]
	at org.springframework.web.servlet.FrameworkServlet.service(FrameworkServlet.java:851) ~[spring-webmvc-5.0.9.RELEASE.jar:5.0.9.RELEASE]
	at javax.servlet.http.HttpServlet.service(HttpServlet.java:742) ~[tomcat-embed-core-8.5.34.jar:8.5.34]
	at org.apache.catalina.core.ApplicationFilterChain.internalDoFilter(ApplicationFilterChain.java:231) ~[tomcat-embed-core-8.5.34.jar:8.5.34]
	at org.apache.catalina.core.ApplicationFilterChain.doFilter(ApplicationFilterChain.java:166) ~[tomcat-embed-core-8.5.34.jar:8.5.34]
	at org.apache.tomcat.websocket.server.WsFilter.doFilter(WsFilter.java:52) ~[tomcat-embed-websocket-8.5.34.jar:8.5.34]
	at org.apache.catalina.core.ApplicationFilterChain.internalDoFilter(ApplicationFilterChain.java:193) ~[tomcat-embed-core-8.5.34.jar:8.5.34]
	at org.apache.catalina.core.ApplicationFilterChain.doFilter(ApplicationFilterChain.java:166) ~[tomcat-embed-core-8.5.34.jar:8.5.34]
	at org.springframework.web.filter.RequestContextFilter.doFilterInternal(RequestContextFilter.java:99) ~[spring-web-5.0.9.RELEASE.jar:5.0.9.RELEASE]
	at org.springframework.web.filter.OncePerRequestFilter.doFilter(OncePerRequestFilter.java:107) ~[spring-web-5.0.9.RELEASE.jar:5.0.9.RELEASE]
	at org.apache.catalina.core.ApplicationFilterChain.internalDoFilter(ApplicationFilterChain.java:193) ~[tomcat-embed-core-8.5.34.jar:8.5.34]
	at org.apache.catalina.core.ApplicationFilterChain.doFilter(ApplicationFilterChain.java:166) ~[tomcat-embed-core-8.5.34.jar:8.5.34]
	at org.springframework.web.filter.HttpPutFormContentFilter.doFilterInternal(HttpPutFormContentFilter.java:109) ~[spring-web-5.0.9.RELEASE.jar:5.0.9.RELEASE]
	at org.springframework.web.filter.OncePerRequestFilter.doFilter(OncePerRequestFilter.java:107) ~[spring-web-5.0.9.RELEASE.jar:5.0.9.RELEASE]
	at org.apache.catalina.core.ApplicationFilterChain.internalDoFilter(ApplicationFilterChain.java:193) ~[tomcat-embed-core-8.5.34.jar:8.5.34]
	at org.apache.catalina.core.ApplicationFilterChain.doFilter(ApplicationFilterChain.java:166) ~[tomcat-embed-core-8.5.34.jar:8.5.34]
	at org.springframework.web.filter.HiddenHttpMethodFilter.doFilterInternal(HiddenHttpMethodFilter.java:93) ~[spring-web-5.0.9.RELEASE.jar:5.0.9.RELEASE]
	at org.springframework.web.filter.OncePerRequestFilter.doFilter(OncePerRequestFilter.java:107) ~[spring-web-5.0.9.RELEASE.jar:5.0.9.RELEASE]
	at org.apache.catalina.core.ApplicationFilterChain.internalDoFilter(ApplicationFilterChain.java:193) ~[tomcat-embed-core-8.5.34.jar:8.5.34]
	at org.apache.catalina.core.ApplicationFilterChain.doFilter(ApplicationFilterChain.java:166) ~[tomcat-embed-core-8.5.34.jar:8.5.34]
	at org.springframework.web.filter.CharacterEncodingFilter.doFilterInternal(CharacterEncodingFilter.java:200) ~[spring-web-5.0.9.RELEASE.jar:5.0.9.RELEASE]
	at org.springframework.web.filter.OncePerRequestFilter.doFilter(OncePerRequestFilter.java:107) ~[spring-web-5.0.9.RELEASE.jar:5.0.9.RELEASE]
	at org.apache.catalina.core.ApplicationFilterChain.internalDoFilter(ApplicationFilterChain.java:193) ~[tomcat-embed-core-8.5.34.jar:8.5.34]
	at org.apache.catalina.core.ApplicationFilterChain.doFilter(ApplicationFilterChain.java:166) ~[tomcat-embed-core-8.5.34.jar:8.5.34]
	at org.apache.catalina.core.StandardWrapperValve.invoke(StandardWrapperValve.java:198) ~[tomcat-embed-core-8.5.34.jar:8.5.34]
	at org.apache.catalina.core.StandardContextValve.invoke(StandardContextValve.java:96) [tomcat-embed-core-8.5.34.jar:8.5.34]
	at org.apache.catalina.authenticator.AuthenticatorBase.invoke(AuthenticatorBase.java:493) [tomcat-embed-core-8.5.34.jar:8.5.34]
	at org.apache.catalina.core.StandardHostValve.invoke(StandardHostValve.java:140) [tomcat-embed-core-8.5.34.jar:8.5.34]
	at org.apache.catalina.valves.ErrorReportValve.invoke(ErrorReportValve.java:81) [tomcat-embed-core-8.5.34.jar:8.5.34]
	at org.apache.catalina.core.StandardEngineValve.invoke(StandardEngineValve.java:87) [tomcat-embed-core-8.5.34.jar:8.5.34]
	at org.apache.catalina.connector.CoyoteAdapter.service(CoyoteAdapter.java:342) [tomcat-embed-core-8.5.34.jar:8.5.34]
	at org.apache.coyote.http11.Http11Processor.service(Http11Processor.java:800) [tomcat-embed-core-8.5.34.jar:8.5.34]
	at org.apache.coyote.AbstractProcessorLight.process(AbstractProcessorLight.java:66) [tomcat-embed-core-8.5.34.jar:8.5.34]
	at org.apache.coyote.AbstractProtocol$ConnectionHandler.process(AbstractProtocol.java:806) [tomcat-embed-core-8.5.34.jar:8.5.34]
	at org.apache.tomcat.util.net.NioEndpoint$SocketProcessor.doRun(NioEndpoint.java:1498) [tomcat-embed-core-8.5.34.jar:8.5.34]
	at org.apache.tomcat.util.net.SocketProcessorBase.run(SocketProcessorBase.java:49) [tomcat-embed-core-8.5.34.jar:8.5.34]
	at java.util.concurrent.ThreadPoolExecutor.runWorker(ThreadPoolExecutor.java:1142) [na:1.8.0_131]
	at java.util.concurrent.ThreadPoolExecutor$Worker.run(ThreadPoolExecutor.java:617) [na:1.8.0_131]
	at org.apache.tomcat.util.threads.TaskThread$WrappingRunnable.run(TaskThread.java:61) [tomcat-embed-core-8.5.34.jar:8.5.34]
	at java.lang.Thread.run(Thread.java:748) [na:1.8.0_131]

2019-09-18 16:38:02.497  INFO 13508 --- [main] com.example.Application                  : Starting Application on DESKTOP-8I6R5GV with PID 13508 (D:\Java\idea-workspace\mass-control\target\classes started by Administrator in D:\Java\idea-workspace\mass-control)
2019-09-18 16:38:02.501  INFO 13508 --- [main] com.example.Application                  : The following profiles are active: dev
2019-09-18 16:38:02.713  INFO 13508 --- [main] ConfigServletWebServerApplicationContext : Refreshing org.springframework.boot.web.servlet.context.AnnotationConfigServletWebServerApplicationContext@2a65fe7c: startup date [Wed Sep 18 16:38:02 CST 2019]; root of context hierarchy
2019-09-18 16:38:04.982  INFO 13508 --- [main] o.s.b.w.embedded.tomcat.TomcatWebServer  : Tomcat initialized with port(s): 80 (http)
2019-09-18 16:38:05.007  INFO 13508 --- [main] o.apache.catalina.core.StandardService   : Starting service [Tomcat]
2019-09-18 16:38:05.008  INFO 13508 --- [main] org.apache.catalina.core.StandardEngine  : Starting Servlet Engine: Apache Tomcat/8.5.34
2019-09-18 16:38:05.013  INFO 13508 --- [localhost-startStop-1] o.a.catalina.core.AprLifecycleListener   : The APR based Apache Tomcat Native library which allows optimal performance in production environments was not found on the java.library.path: [C:\Program Files\Java\jdk1.8.0_131\bin;C:\Windows\Sun\Java\bin;C:\Windows\system32;C:\Windows;C:\ProgramData\Oracle\Java\javapath;C:\Windows\system32;C:\Windows;C:\Windows\System32\Wbem;C:\Windows\System32\WindowsPowerShell\v1.0\;C:\Windows\System32\OpenSSH\;C:\Program Files\Java\jdk1.8.0_131\bin;C:\Program Files\Java\jdk1.8.0_131\jre\bin;C:\Program Files\MySQL\MySQL Server 5.5\bin;E:\Program Files\Git\cmd;D:\tts9\apache-maven-3.3.9\bin\;C:\Program Files\Apache Software Foundation\Tomcat 8.0\bin;C:\Program Files\Apache Software Foundation\Tomcat 8.0\lib;C:\Program Files\nodejs\;C:\Users\Administrator\AppData\Local\Microsoft\WindowsApps;;E:\Microsoft VS Code\bin;C:\Users\Administrator\AppData\Roaming\npm;.]
2019-09-18 16:38:05.144  INFO 13508 --- [localhost-startStop-1] o.a.c.c.C.[Tomcat].[localhost].[/api]    : Initializing Spring embedded WebApplicationContext
2019-09-18 16:38:05.144  INFO 13508 --- [localhost-startStop-1] o.s.web.context.ContextLoader            : Root WebApplicationContext: initialization completed in 2431 ms
2019-09-18 16:38:05.232  INFO 13508 --- [localhost-startStop-1] o.s.b.w.servlet.ServletRegistrationBean  : Servlet dispatcherServlet mapped to [/]
2019-09-18 16:38:05.239  INFO 13508 --- [localhost-startStop-1] o.s.b.w.servlet.FilterRegistrationBean   : Mapping filter: 'characterEncodingFilter' to: [/*]
2019-09-18 16:38:05.240  INFO 13508 --- [localhost-startStop-1] o.s.b.w.servlet.FilterRegistrationBean   : Mapping filter: 'hiddenHttpMethodFilter' to: [/*]
2019-09-18 16:38:05.240  INFO 13508 --- [localhost-startStop-1] o.s.b.w.servlet.FilterRegistrationBean   : Mapping filter: 'httpPutFormContentFilter' to: [/*]
2019-09-18 16:38:05.241  INFO 13508 --- [localhost-startStop-1] o.s.b.w.servlet.FilterRegistrationBean   : Mapping filter: 'requestContextFilter' to: [/*]
2019-09-18 16:38:05.982  INFO 13508 --- [main] o.s.w.s.handler.SimpleUrlHandlerMapping  : Mapped URL path [/**/favicon.ico] onto handler of type [class org.springframework.web.servlet.resource.ResourceHttpRequestHandler]
2019-09-18 16:38:06.310  INFO 13508 --- [main] s.w.s.m.m.a.RequestMappingHandlerAdapter : Looking for @ControllerAdvice: org.springframework.boot.web.servlet.context.AnnotationConfigServletWebServerApplicationContext@2a65fe7c: startup date [Wed Sep 18 16:38:02 CST 2019]; root of context hierarchy
2019-09-18 16:38:06.377  INFO 13508 --- [main] s.w.s.m.m.a.RequestMappingHandlerMapping : Mapped "{[/common/uploadFileTemporary]}" onto public com.example.entity.common.VisitConsequenceParent com.example.controller.CommonController.uploadFileUser(org.springframework.web.multipart.MultipartFile) throws java.io.IOException
2019-09-18 16:38:06.378  INFO 13508 --- [main] s.w.s.m.m.a.RequestMappingHandlerMapping : Mapped "{[/common/findFileInfoAll],methods=[POST]}" onto public com.example.entity.common.VisitConsequenceParent com.example.controller.CommonController.findFileInfoAll(java.util.Map) throws java.io.IOException
2019-09-18 16:38:06.380  INFO 13508 --- [main] s.w.s.m.m.a.RequestMappingHandlerMapping : Mapped "{[/common/uploadFileProject]}" onto public com.example.entity.common.VisitConsequenceParent com.example.controller.CommonController.uploadFileProject(org.springframework.web.multipart.MultipartFile) throws java.io.IOException
2019-09-18 16:38:06.382  INFO 13508 --- [main] s.w.s.m.m.a.RequestMappingHandlerMapping : Mapped "{[/ProjectAuditController/auditProject]}" onto public com.example.entity.common.VisitConsequenceParent com.example.controller.ProjectAuditController.auditProject(javax.servlet.http.HttpSession,java.util.Map)
2019-09-18 16:38:06.382  INFO 13508 --- [main] s.w.s.m.m.a.RequestMappingHandlerMapping : Mapped "{[/ProjectAuditController/findProjectAuditListByUser_page],methods=[POST]}" onto public com.example.entity.common.VisitConsequenceParent com.example.controller.ProjectAuditController.findProjectAuditListByUser_page(javax.servlet.http.HttpSession,com.example.entity.requstparam.PageOderRequestMap)
2019-09-18 16:38:06.386  INFO 13508 --- [main] s.w.s.m.m.a.RequestMappingHandlerMapping : Mapped "{[/ProjectauditEInvite/findPEInviteListPage],methods=[POST]}" onto public com.example.entity.common.VisitConsequenceParent com.example.controller.ProjectauditEInviteController.findPEInviteListPage(javax.servlet.http.HttpSession,com.example.entity.requstparam.PageOderRequest)
2019-09-18 16:38:06.386  INFO 13508 --- [main] s.w.s.m.m.a.RequestMappingHandlerMapping : Mapped "{[/ProjectauditEInvite/operationUserPEInvite],methods=[POST]}" onto public com.example.entity.common.VisitConsequenceParent com.example.controller.ProjectauditEInviteController.operationUserPEInvite(javax.servlet.http.HttpSession,java.util.Map)
2019-09-18 16:38:06.387  INFO 13508 --- [main] s.w.s.m.m.a.RequestMappingHandlerMapping : Mapped "{[/ProjectauditEInvite/findPEInviteListPageENot],methods=[POST]}" onto public com.example.entity.common.VisitConsequenceParent com.example.controller.ProjectauditEInviteController.findPEInviteListPageENot(javax.servlet.http.HttpSession,com.example.entity.requstparam.PageOderRequest)
2019-09-18 16:38:06.387  INFO 13508 --- [main] s.w.s.m.m.a.RequestMappingHandlerMapping : Mapped "{[/ProjectauditEInvite/addPEInviteLeader],methods=[POST]}" onto public com.example.entity.common.VisitConsequenceParent com.example.controller.ProjectauditEInviteController.addPEInviteLeader(com.example.entity.ProjectauditExpertInvite,javax.servlet.http.HttpSession)
2019-09-18 16:38:06.388  INFO 13508 --- [main] s.w.s.m.m.a.RequestMappingHandlerMapping : Mapped "{[/ProjectauditEInvite/addPEInvite],methods=[POST]}" onto public com.example.entity.common.VisitConsequenceParent com.example.controller.ProjectauditEInviteController.addPEInvite(javax.servlet.http.HttpSession,com.example.entity.requstparam.InsertPEinviteBatch)
2019-09-18 16:38:06.394  INFO 13508 --- [main] s.w.s.m.m.a.RequestMappingHandlerMapping : Mapped "{[/ProjectauditOInvite/findUserProjectauditOIListPageENot],methods=[POST]}" onto public com.example.entity.common.VisitConsequenceParent com.example.controller.ProjectauditOInviteController.findUserProjectauditOIListPageENot(javax.servlet.http.HttpSession,com.example.entity.requstparam.PageRequest)
2019-09-18 16:38:06.394  INFO 13508 --- [main] s.w.s.m.m.a.RequestMappingHandlerMapping : Mapped "{[/ProjectauditOInvite/addProjectauditInvite],methods=[POST]}" onto public com.example.entity.common.VisitConsequenceParent com.example.controller.ProjectauditOInviteController.addProjectauditInvite(com.example.entity.ProjectauditOrganizationInvite,javax.servlet.http.HttpSession)
2019-09-18 16:38:06.395  INFO 13508 --- [main] s.w.s.m.m.a.RequestMappingHandlerMapping : Mapped "{[/ProjectauditOInvite/findUserProjectauditOIListPage],methods=[POST]}" onto public com.example.entity.common.VisitConsequenceParent com.example.controller.ProjectauditOInviteController.findUserProjectauditOIListPage(javax.servlet.http.HttpSession,com.example.entity.requstparam.PageRequest)
2019-09-18 16:38:06.395  INFO 13508 --- [main] s.w.s.m.m.a.RequestMappingHandlerMapping : Mapped "{[/ProjectauditOInvite/operationUserProjectauditOInvite],methods=[POST]}" onto public com.example.entity.common.VisitConsequenceParent com.example.controller.ProjectauditOInviteController.operationUserProjectauditOInvite(javax.servlet.http.HttpSession,java.util.Map)
2019-09-18 16:38:06.400  INFO 13508 --- [main] s.w.s.m.m.a.RequestMappingHandlerMapping : Mapped "{[/ProjectController/findProjectInfoChooseByProgressOE_Page],methods=[POST]}" onto public com.example.entity.common.VisitConsequenceParent com.example.controller.ProjectController.findProjectInfoChooseByProgressOE_Page(com.example.entity.requstparam.PageOderRequest)
2019-09-18 16:38:06.401  INFO 13508 --- [main] s.w.s.m.m.a.RequestMappingHandlerMapping : Mapped "{[/ProjectController/O_findProjectInfoProgressLeader_page],methods=[POST]}" onto public com.example.entity.common.VisitConsequenceParent com.example.controller.ProjectController.findProjectInfoProgressLeader_page(javax.servlet.http.HttpSession,com.example.entity.requstparam.PageOderRequest)
2019-09-18 16:38:06.402  INFO 13508 --- [main] s.w.s.m.m.a.RequestMappingHandlerMapping : Mapped "{[/ProjectController/findProjectInfoFullByPid],methods=[POST]}" onto public com.example.entity.common.VisitConsequenceParent com.example.controller.ProjectController.findProjectInfoFullByPid(java.util.Map)
2019-09-18 16:38:06.402  INFO 13508 --- [main] s.w.s.m.m.a.RequestMappingHandlerMapping : Mapped "{[/ProjectController/extractionProjectOrganization],methods=[POST]}" onto public com.example.entity.common.VisitConsequenceParent com.example.controller.ProjectController.extractionProjectOrganization(java.util.Map)
2019-09-18 16:38:06.403  INFO 13508 --- [main] s.w.s.m.m.a.RequestMappingHandlerMapping : Mapped "{[/ProjectController/extractionProjectExpert],methods=[POST]}" onto public com.example.entity.common.VisitConsequenceParent com.example.controller.ProjectController.extractionProjectExpert(com.example.entity.requstparam.ExtractionPERequest)
2019-09-18 16:38:06.403  INFO 13508 --- [main] s.w.s.m.m.a.RequestMappingHandlerMapping : Mapped "{[/ProjectController/addProjectInfo],methods=[POST]}" onto public com.example.entity.common.VisitConsequenceParent com.example.controller.ProjectController.addProjectInfo(com.example.entity.ProjectInfoEntityWithBLOBs,javax.servlet.http.HttpSession)
2019-09-18 16:38:06.407  INFO 13508 --- [main] s.w.s.m.m.a.RequestMappingHandlerMapping : Mapped "{[/user/reg]}" onto public com.example.entity.common.VisitConsequenceParent com.example.controller.UserController.reg(com.example.entity.user.UserEntity)
2019-09-18 16:38:06.408  INFO 13508 --- [main] s.w.s.m.m.a.RequestMappingHandlerMapping : Mapped "{[/user/findUserInfoFullOrganization],methods=[GET]}" onto public com.example.entity.common.VisitConsequenceParent com.example.controller.UserController.findUserInfoFullOrganization(javax.servlet.http.HttpSession)
2019-09-18 16:38:06.409  INFO 13508 --- [main] s.w.s.m.m.a.RequestMappingHandlerMapping : Mapped "{[/user/findOINameIdListCertified],methods=[GET]}" onto public com.example.entity.common.VisitConsequenceParent com.example.controller.UserController.findOINameIdListCertified()
2019-09-18 16:38:06.409  INFO 13508 --- [main] s.w.s.m.m.a.RequestMappingHandlerMapping : Mapped "{[/user/findExpertInfoListPage_2],methods=[POST]}" onto public com.example.entity.common.VisitConsequenceParent com.example.controller.UserController.findExpertInfoListPage(com.example.entity.requstparam.PageOderRequest)
2019-09-18 16:38:06.409  INFO 13508 --- [main] s.w.s.m.m.a.RequestMappingHandlerMapping : Mapped "{[/user/findExpertInfoList_2],methods=[GET]}" onto public com.example.entity.common.VisitConsequenceParent com.example.controller.UserController.findExpertInfoListPage()
2019-09-18 16:38:06.410  INFO 13508 --- [main] s.w.s.m.m.a.RequestMappingHandlerMapping : Mapped "{[/user/addExpertInfoAudit],methods=[POST]}" onto public com.example.entity.common.VisitConsequenceParent com.example.controller.UserController.addExpertInfoAudit(com.example.entity.user.ExpertInfoEntity,javax.servlet.http.HttpSession)
2019-09-18 16:38:06.410  INFO 13508 --- [main] s.w.s.m.m.a.RequestMappingHandlerMapping : Mapped "{[/user/findUserInfoFullExpert],methods=[GET]}" onto public com.example.entity.common.VisitConsequenceParent com.example.controller.UserController.findUserInfoFullExpert(javax.servlet.http.HttpSession)
2019-09-18 16:38:06.411  INFO 13508 --- [main] s.w.s.m.m.a.RequestMappingHandlerMapping : Mapped "{[/user/addOrganizationInfoAudit],methods=[POST]}" onto public com.example.entity.common.VisitConsequenceParent com.example.controller.UserController.addOrganizationInfoAudit(com.example.entity.requstparam.AddOrganizationInfoAudit,javax.servlet.http.HttpSession)
2019-09-18 16:38:06.411  INFO 13508 --- [main] s.w.s.m.m.a.RequestMappingHandlerMapping : Mapped "{[/user/login],methods=[POST]}" onto public com.example.entity.common.VisitConsequenceParent com.example.controller.UserController.login(javax.servlet.http.HttpServletRequest,java.util.Map)
2019-09-18 16:38:06.411  INFO 13508 --- [main] s.w.s.m.m.a.RequestMappingHandlerMapping : Mapped "{[/user/userLoginOut],methods=[GET]}" onto public com.example.entity.common.VisitConsequenceParent com.example.controller.UserController.userLoginOut(javax.servlet.http.HttpSession)
2019-09-18 16:38:06.415  INFO 13508 --- [main] s.w.s.m.m.a.RequestMappingHandlerMapping : Mapped "{[/UserInfoAudit/findUserInfoAuditOrganizationFull]}" onto public com.example.entity.common.VisitConsequenceParent com.example.controller.UserInfoAuditController.findUserInfoAuditOrganizationFull(java.util.Map)
2019-09-18 16:38:06.416  INFO 13508 --- [main] s.w.s.m.m.a.RequestMappingHandlerMapping : Mapped "{[/UserInfoAudit/findUserInfoExpertInfoResultsFull]}" onto public com.example.entity.common.VisitConsequenceParent com.example.controller.UserInfoAuditController.findUserInfoExpertInfoResultsFull(java.util.Map)
2019-09-18 16:38:06.417  INFO 13508 --- [main] s.w.s.m.m.a.RequestMappingHandlerMapping : Mapped "{[/UserInfoAudit/findUserInfoAuditSubmit]}" onto public com.example.entity.common.VisitConsequenceParent com.example.controller.UserInfoAuditController.findUserInfoAuditSubmit(javax.servlet.http.HttpSession)
2019-09-18 16:38:06.417  INFO 13508 --- [main] s.w.s.m.m.a.RequestMappingHandlerMapping : Mapped "{[/UserInfoAudit/operationUserInfoAudit],methods=[POST]}" onto public com.example.entity.common.VisitConsequenceParent com.example.controller.UserInfoAuditController.operationUserInfoAudit(java.util.Map)
2019-09-18 16:38:06.417  INFO 13508 --- [main] s.w.s.m.m.a.RequestMappingHandlerMapping : Mapped "{[/UserInfoAudit/operationUserInfoAuditFirst],methods=[POST]}" onto public com.example.entity.common.VisitConsequenceParent com.example.controller.UserInfoAuditController.operationUserInfoAuditFirst(java.util.Map)
2019-09-18 16:38:06.418  INFO 13508 --- [main] s.w.s.m.m.a.RequestMappingHandlerMapping : Mapped "{[/UserInfoAudit/findUserInfoAuditSubmitState]}" onto public com.example.entity.common.VisitConsequenceParent com.example.controller.UserInfoAuditController.findUserInfoAuditSubmitState(javax.servlet.http.HttpSession)
2019-09-18 16:38:06.418  INFO 13508 --- [main] s.w.s.m.m.a.RequestMappingHandlerMapping : Mapped "{[/UserInfoAudit/findUserInfoAuditSubmitFirst]}" onto public com.example.entity.common.VisitConsequenceParent com.example.controller.UserInfoAuditController.findUserInfoAuditSubmitFirst(javax.servlet.http.HttpSession)
2019-09-18 16:38:06.418  INFO 13508 --- [main] s.w.s.m.m.a.RequestMappingHandlerMapping : Mapped "{[/UserInfoAudit/findFirstAuditOrganizationNone]}" onto public com.example.entity.common.VisitConsequenceParent com.example.controller.UserInfoAuditController.findFirstAuditOrganizationNone()
2019-09-18 16:38:06.419  INFO 13508 --- [main] s.w.s.m.m.a.RequestMappingHandlerMapping : Mapped "{[/UserInfoAudit/findAuditExpertInfoNone],methods=[GET]}" onto public com.example.entity.common.VisitConsequenceParent com.example.controller.UserInfoAuditController.findAuditExpertInfoNone()
2019-09-18 16:38:06.419  INFO 13508 --- [main] s.w.s.m.m.a.RequestMappingHandlerMapping : Mapped "{[/UserInfoAudit/findAuditOrganizationNone]}" onto public com.example.entity.common.VisitConsequenceParent com.example.controller.UserInfoAuditController.findAuditOrganizationNone()
2019-09-18 16:38:06.420  INFO 13508 --- [main] s.w.s.m.m.a.RequestMappingHandlerMapping : Mapped "{[/UserInfoAudit/findFirstAuditExpertInfoNone],methods=[GET]}" onto public com.example.entity.common.VisitConsequenceParent com.example.controller.UserInfoAuditController.findFirstAuditExpertInfoNone()
2019-09-18 16:38:06.420  INFO 13508 --- [main] s.w.s.m.m.a.RequestMappingHandlerMapping : Mapped "{[/UserInfoAudit/findUserInfoAuditRecentlyByUid],methods=[GET]}" onto public com.example.entity.common.VisitConsequenceParent com.example.controller.UserInfoAuditController.findUserInfoAuditRecentlyByUid(javax.servlet.http.HttpSession)
2019-09-18 16:38:06.421  INFO 13508 --- [main] s.w.s.m.m.a.RequestMappingHandlerMapping : Mapped "{[/UserInfoAudit/findAuditExpertInfoNonePage],methods=[POST]}" onto public com.example.entity.common.VisitConsequenceParent com.example.controller.UserInfoAuditController.findAuditExpertInfoNonePage(com.example.entity.requstparam.PageOderRequest)
2019-09-18 16:38:06.424  INFO 13508 --- [main] s.w.s.m.m.a.RequestMappingHandlerMapping : Mapped "{[/error]}" onto public org.springframework.http.ResponseEntity<java.util.Map<java.lang.String, java.lang.Object>> org.springframework.boot.autoconfigure.web.servlet.error.BasicErrorController.error(javax.servlet.http.HttpServletRequest)
2019-09-18 16:38:06.424  INFO 13508 --- [main] s.w.s.m.m.a.RequestMappingHandlerMapping : Mapped "{[/error],produces=[text/html]}" onto public org.springframework.web.servlet.ModelAndView org.springframework.boot.autoconfigure.web.servlet.error.BasicErrorController.errorHtml(javax.servlet.http.HttpServletRequest,javax.servlet.http.HttpServletResponse)
2019-09-18 16:38:06.477  INFO 13508 --- [main] o.s.w.s.handler.SimpleUrlHandlerMapping  : Mapped URL path [/webjars/**] onto handler of type [class org.springframework.web.servlet.resource.ResourceHttpRequestHandler]
2019-09-18 16:38:06.477  INFO 13508 --- [main] o.s.w.s.handler.SimpleUrlHandlerMapping  : Mapped URL path [/**] onto handler of type [class org.springframework.web.servlet.resource.ResourceHttpRequestHandler]
2019-09-18 16:38:06.477  INFO 13508 --- [main] o.s.w.s.handler.SimpleUrlHandlerMapping  : Mapped URL path [/static/**] onto handler of type [class org.springframework.web.servlet.resource.ResourceHttpRequestHandler]
2019-09-18 16:38:06.821  INFO 13508 --- [main] o.s.j.e.a.AnnotationMBeanExporter        : Registering beans for JMX exposure on startup
2019-09-18 16:38:06.823  INFO 13508 --- [main] o.s.j.e.a.AnnotationMBeanExporter        : Bean with name 'dataSource' has been autodetected for JMX exposure
2019-09-18 16:38:06.830  INFO 13508 --- [main] o.s.j.e.a.AnnotationMBeanExporter        : Located MBean 'dataSource': registering with JMX server as MBean [com.zaxxer.hikari:name=dataSource,type=HikariDataSource]
2019-09-18 16:38:06.879  INFO 13508 --- [main] o.s.b.w.embedded.tomcat.TomcatWebServer  : Tomcat started on port(s): 80 (http) with context path '/api'
2019-09-18 16:38:06.883  INFO 13508 --- [main] com.example.Application                  : Started Application in 5.389 seconds (JVM running for 7.812)
2019-09-18 16:38:22.890  INFO 13508 --- [http-nio-80-exec-1] o.a.c.c.C.[Tomcat].[localhost].[/api]    : Initializing Spring FrameworkServlet 'dispatcherServlet'
2019-09-18 16:38:22.891  INFO 13508 --- [http-nio-80-exec-1] o.s.web.servlet.DispatcherServlet        : FrameworkServlet 'dispatcherServlet': initialization started
2019-09-18 16:38:22.918  INFO 13508 --- [http-nio-80-exec-1] o.s.web.servlet.DispatcherServlet        : FrameworkServlet 'dispatcherServlet': initialization completed in 27 ms
2019-09-18 16:38:23.047  INFO 13508 --- [http-nio-80-exec-1] com.zaxxer.hikari.HikariDataSource       : HikariPool-1 - Starting...
2019-09-18 16:38:23.213  INFO 13508 --- [http-nio-80-exec-1] com.zaxxer.hikari.HikariDataSource       : HikariPool-1 - Start completed.
2019-09-18 16:50:36.863  INFO 13508 --- [http-nio-80-exec-6] o.apache.tomcat.util.http.parser.Cookie  : A cookie header was received [1568635476,1568654272,1568719011; sidebarStatus=0; loginToken=eyJhbGciOiJSUzUxMiJ9.eyJFZmZlY3QiOiJBTExPVyIsIkFjdGlvbnMiOiJbe1wibWV0aG9kXCI6XCIqXCIsXCJwZXJtaXRcIjpcIipcIn1dIiwiaXNzIjoiaW5pdF91c2VyXzEiLCJpYXQiOjE1Njg3OTExODgsImV4cCI6MTU2ODgwMTk4OH0.FviQ4e2fs2nH4hELZcApQhGZQH4A3qeIa1szZRq0yhv2is0l0bUaNFRKmt8mjxg3Tyqq-Ze72E2-L_qO_kdaWL6mH9ZOTY6nQZtO9ftiQiKU2-IfKramJUNl29KhabVfw-T6_hO8w3IeADLamT1iSX4Rtku9t4NV8SeBX41SuQs; Hm_lpvt_8b02a318fde5831da10426656a43d03c=1568791518] that contained an invalid cookie. That cookie will be ignored.Note: further occurrences of this error will be logged at DEBUG level.
